<?xml version="1.0" encoding="UTF-8"?>
<testsuite xmlns:xsi="http://www.w3.org/2001/XMLSchema-instance" xsi:noNamespaceSchemaLocation="https://maven.apache.org/surefire/maven-surefire-plugin/xsd/surefire-test-report.xsd" name="com.foodics.AppTest" time="5.355" tests="2" errors="0" skipped="0" failures="2">
  <properties>
[...]
</properties>
  <testcase name="testLoginEndpoint on testLoginEndpoint(com.foodics.AppTest)" classname="com.foodics.AppTest" time="2.793">
    <failure message="1 expectation failed.&#10;Expected status code &lt;200&gt; but was &lt;302&gt;.&#10;" type="java.lang.AssertionError"><![CDATA[java.lang.AssertionError: 
1 expectation failed.
Expected status code <200> but was <302>.

	at com.foodics.AppTest.testLoginEndpoint(AppTest.java:27)
]]></failure>
    <system-err><![CDATA[SLF4J: Failed to load class "org.slf4j.impl.StaticLoggerBinder".
SLF4J: Defaulting to no-operation (NOP) logger implementation
SLF4J: See http://www.slf4j.org/codes.html#StaticLoggerBinder for further details.
]]></system-err>
  </testcase>
  <testcase name="testWhoAmIEndpoint on testWhoAmIEndpoint(com.foodics.AppTest)" classname="com.foodics.AppTest" time="1.925">
    <failure message="1 expectation failed.&#10;XML path username doesn&apos;t match.&#10;Expected: your_expected_username&#10;  Actual: &lt;nullnullnullnullFoodics | AdminnullnullnullnullnullnullLoginnullnullEmail AddressnullPasswordnullLoginnullvar recaptchSiteKey = &apos;6LcwE9seAAAAACR4Hzf4UFNycX8Qo9o2ScwSD93s&apos;&#10;        grecaptcha.ready(function() {&#10;            grecaptcha.execute(recaptchSiteKey, {action: &apos;homepage&apos;}).then(function(token) {&#10;                document.getElementById(&apos;recaptcha_token&apos;).value = token;&#10;                document.getElementById(&quot;submit-button&quot;).disabled = false;&#10;            });&#10;        });&#10;        &gt;&#10;" type="java.lang.AssertionError"><![CDATA[java.lang.AssertionError: 
1 expectation failed.
XML path username doesn't match.
Expected: your_expected_username
  Actual: <nullnullnullnullFoodics | AdminnullnullnullnullnullnullLoginnullnullEmail AddressnullPasswordnullLoginnullvar recaptchSiteKey = '6LcwE9seAAAAACR4Hzf4UFNycX8Qo9o2ScwSD93s'
        grecaptcha.ready(function() {
            grecaptcha.execute(recaptchSiteKey, {action: 'homepage'}).then(function(token) {
                document.getElementById('recaptcha_token').value = token;
                document.getElementById("submit-button").disabled = false;
            });
        });
        >

	at com.foodics.AppTest.testWhoAmIEndpoint(AppTest.java:45)
]]></failure>
  </testcase>
</testsuite>